<?xml version="1.0" encoding="UTF-8"?>
<testng-results skipped="0" failed="1" ignored="0" total="10" passed="9">
  <reporter-output>
  </reporter-output>
  <suite name="Functional Test Suite" duration-ms="233" started-at="2020-12-11T18:42:41 IST" finished-at="2020-12-11T18:42:41 IST">
    <groups>
      <group name="functional">
        <method signature="Testcase1.doLogin()[pri:1, instance:udemyTestNG.Testcase1@3dd4520b]" name="doLogin" class="udemyTestNG.Testcase1"/>
        <method signature="Testcase1.goToHomePage()[pri:2, instance:udemyTestNG.Testcase1@3dd4520b]" name="goToHomePage" class="udemyTestNG.Testcase1"/>
        <method signature="Testcase2.fourthTest()[pri:4, instance:udemyTestNG.Testcase2@1e6d1014]" name="fourthTest" class="udemyTestNG.Testcase2"/>
      </group> <!-- functional -->
      <group name="regression">
        <method signature="Testcase2.doLogin()[pri:1, instance:udemyTestNG.Testcase2@1e6d1014]" name="doLogin" class="udemyTestNG.Testcase2"/>
        <method signature="Testcase2.fourthTest()[pri:4, instance:udemyTestNG.Testcase2@1e6d1014]" name="fourthTest" class="udemyTestNG.Testcase2"/>
        <method signature="Testcase2.thirdTest()[pri:3, instance:udemyTestNG.Testcase2@1e6d1014]" name="thirdTest" class="udemyTestNG.Testcase2"/>
      </group> <!-- regression -->
    </groups>
    <test name="Login Test1" duration-ms="62" started-at="2020-12-11T18:42:41 IST" finished-at="2020-12-11T18:42:41 IST">
      <class name="udemyTestNG.Testcase1">
        <test-method status="PASS" signature="SetUpDataBase()[pri:0, instance:udemyTestNG.Testcase1@3dd4520b]" name="SetUpDataBase" is-config="true" duration-ms="1" started-at="2020-12-11T18:42:41 IST" finished-at="2020-12-11T18:42:41 IST">
          <reporter-output>
          </reporter-output>
        </test-method> <!-- SetUpDataBase -->
        <test-method status="PASS" signature="Setup()[pri:0, instance:udemyTestNG.Testcase1@3dd4520b]" name="Setup" is-config="true" duration-ms="0" started-at="2020-12-11T18:42:41 IST" finished-at="2020-12-11T18:42:41 IST">
          <reporter-output>
          </reporter-output>
        </test-method> <!-- Setup -->
        <test-method status="PASS" signature="doLogin()[pri:1, instance:udemyTestNG.Testcase1@3dd4520b]" name="doLogin" duration-ms="7" started-at="2020-12-11T18:42:41 IST" finished-at="2020-12-11T18:42:41 IST">
          <reporter-output>
          </reporter-output>
        </test-method> <!-- doLogin -->
        <test-method status="PASS" signature="tearDown()[pri:0, instance:udemyTestNG.Testcase1@3dd4520b]" name="tearDown" is-config="true" duration-ms="1" started-at="2020-12-11T18:42:41 IST" finished-at="2020-12-11T18:42:41 IST">
          <reporter-output>
          </reporter-output>
        </test-method> <!-- tearDown -->
        <test-method status="PASS" signature="Setup()[pri:0, instance:udemyTestNG.Testcase1@3dd4520b]" name="Setup" is-config="true" duration-ms="1" started-at="2020-12-11T18:42:41 IST" finished-at="2020-12-11T18:42:41 IST">
          <reporter-output>
          </reporter-output>
        </test-method> <!-- Setup -->
        <test-method status="PASS" signature="goToHomePage()[pri:2, instance:udemyTestNG.Testcase1@3dd4520b]" name="goToHomePage" duration-ms="4" started-at="2020-12-11T18:42:41 IST" finished-at="2020-12-11T18:42:41 IST">
          <reporter-output>
          </reporter-output>
        </test-method> <!-- goToHomePage -->
        <test-method status="PASS" signature="tearDown()[pri:0, instance:udemyTestNG.Testcase1@3dd4520b]" name="tearDown" is-config="true" duration-ms="0" started-at="2020-12-11T18:42:41 IST" finished-at="2020-12-11T18:42:41 IST">
          <reporter-output>
          </reporter-output>
        </test-method> <!-- tearDown -->
        <test-method status="PASS" signature="closeDatabase()[pri:0, instance:udemyTestNG.Testcase1@3dd4520b]" name="closeDatabase" is-config="true" duration-ms="0" started-at="2020-12-11T18:42:41 IST" finished-at="2020-12-11T18:42:41 IST">
          <reporter-output>
          </reporter-output>
        </test-method> <!-- closeDatabase -->
      </class> <!-- udemyTestNG.Testcase1 -->
    </test> <!-- Login Test1 -->
    <test name="Home Test2" duration-ms="48" started-at="2020-12-11T18:42:41 IST" finished-at="2020-12-11T18:42:41 IST">
      <class name="udemyTestNG.Testcase2">
        <test-method status="PASS" signature="doLogin()[pri:1, instance:udemyTestNG.Testcase2@1e6d1014]" name="doLogin" duration-ms="3" started-at="2020-12-11T18:42:41 IST" finished-at="2020-12-11T18:42:41 IST">
          <reporter-output>
          </reporter-output>
        </test-method> <!-- doLogin -->
        <test-method status="PASS" signature="goToHomePage()[pri:2, instance:udemyTestNG.Testcase2@1e6d1014]" name="goToHomePage" duration-ms="3" started-at="2020-12-11T18:42:41 IST" depends-on-methods="udemyTestNG.Testcase2.doLogin" finished-at="2020-12-11T18:42:41 IST">
          <reporter-output>
          </reporter-output>
        </test-method> <!-- goToHomePage -->
        <test-method status="PASS" signature="thirdTest()[pri:3, instance:udemyTestNG.Testcase2@1e6d1014]" name="thirdTest" duration-ms="3" started-at="2020-12-11T18:42:41 IST" depends-on-methods="udemyTestNG.Testcase2.doLogin, udemyTestNG.Testcase2.goToHomePage" finished-at="2020-12-11T18:42:41 IST">
          <reporter-output>
          </reporter-output>
        </test-method> <!-- thirdTest -->
        <test-method status="PASS" signature="fourthTest()[pri:4, instance:udemyTestNG.Testcase2@1e6d1014]" name="fourthTest" duration-ms="5" started-at="2020-12-11T18:42:41 IST" finished-at="2020-12-11T18:42:41 IST">
          <reporter-output>
          </reporter-output>
        </test-method> <!-- fourthTest -->
      </class> <!-- udemyTestNG.Testcase2 -->
    </test> <!-- Home Test2 -->
    <test name="Negative Test3" duration-ms="33" started-at="2020-12-11T18:42:41 IST" finished-at="2020-12-11T18:42:41 IST">
      <class name="testNG.TestNGBasics">
        <test-method status="PASS" signature="beforeTest()[pri:0, instance:testNG.TestNGBasics@4e7dc304]" name="beforeTest" is-config="true" duration-ms="1" started-at="2020-12-11T18:42:41 IST" finished-at="2020-12-11T18:42:41 IST">
          <reporter-output>
          </reporter-output>
        </test-method> <!-- beforeTest -->
        <test-method status="PASS" signature="beforeClass()[pri:0, instance:testNG.TestNGBasics@4e7dc304]" name="beforeClass" is-config="true" duration-ms="1" started-at="2020-12-11T18:42:41 IST" finished-at="2020-12-11T18:42:41 IST">
          <reporter-output>
          </reporter-output>
        </test-method> <!-- beforeClass -->
        <test-method status="PASS" signature="beforeMethod()[pri:0, instance:testNG.TestNGBasics@4e7dc304]" name="beforeMethod" is-config="true" duration-ms="1" started-at="2020-12-11T18:42:41 IST" finished-at="2020-12-11T18:42:41 IST">
          <reporter-output>
          </reporter-output>
        </test-method> <!-- beforeMethod -->
        <test-method status="PASS" signature="test1()[pri:0, instance:testNG.TestNGBasics@4e7dc304]" name="test1" duration-ms="3" started-at="2020-12-11T18:42:41 IST" finished-at="2020-12-11T18:42:41 IST">
          <reporter-output>
          </reporter-output>
        </test-method> <!-- test1 -->
        <test-method status="PASS" signature="afterMethod()[pri:0, instance:testNG.TestNGBasics@4e7dc304]" name="afterMethod" is-config="true" duration-ms="1" started-at="2020-12-11T18:42:41 IST" finished-at="2020-12-11T18:42:41 IST">
          <reporter-output>
          </reporter-output>
        </test-method> <!-- afterMethod -->
        <test-method status="PASS" signature="beforeMethod()[pri:0, instance:testNG.TestNGBasics@4e7dc304]" name="beforeMethod" is-config="true" duration-ms="1" started-at="2020-12-11T18:42:41 IST" finished-at="2020-12-11T18:42:41 IST">
          <reporter-output>
          </reporter-output>
        </test-method> <!-- beforeMethod -->
        <test-method status="PASS" signature="test2()[pri:0, instance:testNG.TestNGBasics@4e7dc304]" name="test2" duration-ms="5" started-at="2020-12-11T18:42:41 IST" finished-at="2020-12-11T18:42:41 IST">
          <reporter-output>
          </reporter-output>
        </test-method> <!-- test2 -->
        <test-method status="PASS" signature="afterMethod()[pri:0, instance:testNG.TestNGBasics@4e7dc304]" name="afterMethod" is-config="true" duration-ms="1" started-at="2020-12-11T18:42:41 IST" finished-at="2020-12-11T18:42:41 IST">
          <reporter-output>
          </reporter-output>
        </test-method> <!-- afterMethod -->
        <test-method status="PASS" signature="beforeMethod()[pri:0, instance:testNG.TestNGBasics@4e7dc304]" name="beforeMethod" is-config="true" duration-ms="1" started-at="2020-12-11T18:42:41 IST" finished-at="2020-12-11T18:42:41 IST">
          <reporter-output>
          </reporter-output>
        </test-method> <!-- beforeMethod -->
        <test-method status="PASS" signature="test3()[pri:0, instance:testNG.TestNGBasics@4e7dc304]" name="test3" duration-ms="1" started-at="2020-12-11T18:42:41 IST" finished-at="2020-12-11T18:42:41 IST">
          <reporter-output>
          </reporter-output>
        </test-method> <!-- test3 -->
        <test-method status="PASS" signature="afterMethod()[pri:0, instance:testNG.TestNGBasics@4e7dc304]" name="afterMethod" is-config="true" duration-ms="0" started-at="2020-12-11T18:42:41 IST" finished-at="2020-12-11T18:42:41 IST">
          <reporter-output>
          </reporter-output>
        </test-method> <!-- afterMethod -->
        <test-method status="PASS" signature="afterClass()[pri:0, instance:testNG.TestNGBasics@4e7dc304]" name="afterClass" is-config="true" duration-ms="0" started-at="2020-12-11T18:42:41 IST" finished-at="2020-12-11T18:42:41 IST">
          <reporter-output>
          </reporter-output>
        </test-method> <!-- afterClass -->
        <test-method status="PASS" signature="afterTest()[pri:0, instance:testNG.TestNGBasics@4e7dc304]" name="afterTest" is-config="true" duration-ms="1" started-at="2020-12-11T18:42:41 IST" finished-at="2020-12-11T18:42:41 IST">
          <reporter-output>
          </reporter-output>
        </test-method> <!-- afterTest -->
      </class> <!-- testNG.TestNGBasics -->
    </test> <!-- Negative Test3 -->
    <test name="Failure Test" duration-ms="19" started-at="2020-12-11T18:42:41 IST" finished-at="2020-12-11T18:42:41 IST">
      <class name="testNG.TestNGBasics">
        <test-method status="PASS" signature="setUp()[pri:0, instance:testNG.TestNGBasics@4e7dc304]" name="setUp" is-config="true" duration-ms="0" started-at="2020-12-11T18:42:41 IST" finished-at="2020-12-11T18:42:41 IST">
          <reporter-output>
          </reporter-output>
        </test-method> <!-- setUp -->
        <test-method status="PASS" signature="afterSuite()[pri:0, instance:testNG.TestNGBasics@4e7dc304]" name="afterSuite" is-config="true" duration-ms="0" started-at="2020-12-11T18:42:41 IST" finished-at="2020-12-11T18:42:41 IST">
          <reporter-output>
          </reporter-output>
        </test-method> <!-- afterSuite -->
      </class> <!-- testNG.TestNGBasics -->
      <class name="udemyTestNG.TestFailure">
        <test-method status="PASS" signature="setUp()[pri:0, instance:udemyTestNG.TestFailure@5a1c0542]" name="setUp" is-config="true" duration-ms="14" started-at="2020-12-11T18:42:41 IST" finished-at="2020-12-11T18:42:41 IST">
          <reporter-output>
          </reporter-output>
        </test-method> <!-- setUp -->
        <test-method status="FAIL" signature="negative()[pri:0, instance:udemyTestNG.TestFailure@5a1c0542]" name="negative" duration-ms="6" started-at="2020-12-11T18:42:41 IST" finished-at="2020-12-11T18:42:41 IST">
          <exception class="java.lang.AssertionError">
            <message>
              <![CDATA[Failing the test]]>
            </message>
            <full-stacktrace>
              <![CDATA[java.lang.AssertionError: Failing the test
at org.testng.Assert.fail(Assert.java:99)
at udemyTestNG.TestFailure.negative(TestFailure.java:11)
at sun.reflect.NativeMethodAccessorImpl.invoke0(Native Method)
at sun.reflect.NativeMethodAccessorImpl.invoke(NativeMethodAccessorImpl.java:62)
at sun.reflect.DelegatingMethodAccessorImpl.invoke(DelegatingMethodAccessorImpl.java:43)
at java.lang.reflect.Method.invoke(Method.java:498)
at org.testng.internal.MethodInvocationHelper.invokeMethod(MethodInvocationHelper.java:132)
at org.testng.internal.TestInvoker.invokeMethod(TestInvoker.java:599)
at org.testng.internal.TestInvoker.invokeTestMethod(TestInvoker.java:174)
at org.testng.internal.MethodRunner.runInSequence(MethodRunner.java:46)
at org.testng.internal.TestInvoker$MethodInvocationAgent.invoke(TestInvoker.java:822)
at org.testng.internal.TestInvoker.invokeTestMethods(TestInvoker.java:147)
at org.testng.internal.TestMethodWorker.invokeTestMethods(TestMethodWorker.java:146)
at org.testng.internal.TestMethodWorker.run(TestMethodWorker.java:128)
at java.util.ArrayList.forEach(ArrayList.java:1259)
at org.testng.TestRunner.privateRun(TestRunner.java:764)
at org.testng.TestRunner.run(TestRunner.java:585)
at org.testng.SuiteRunner.runTest(SuiteRunner.java:384)
at org.testng.SuiteRunner.runSequentially(SuiteRunner.java:378)
at org.testng.SuiteRunner.privateRun(SuiteRunner.java:337)
at org.testng.SuiteRunner.run(SuiteRunner.java:286)
at org.testng.SuiteRunnerWorker.runSuite(SuiteRunnerWorker.java:53)
at org.testng.SuiteRunnerWorker.run(SuiteRunnerWorker.java:96)
at org.testng.TestNG.runSuitesSequentially(TestNG.java:1218)
at org.testng.TestNG.runSuitesLocally(TestNG.java:1140)
at org.testng.TestNG.runSuites(TestNG.java:1069)
at org.testng.TestNG.run(TestNG.java:1037)
at org.testng.remote.AbstractRemoteTestNG.run(AbstractRemoteTestNG.java:115)
at org.testng.remote.RemoteTestNG.initAndRun(RemoteTestNG.java:251)
at org.testng.remote.RemoteTestNG.main(RemoteTestNG.java:77)
]]>
            </full-stacktrace>
          </exception> <!-- java.lang.AssertionError -->
          <reporter-output>
          </reporter-output>
        </test-method> <!-- negative -->
        <test-method status="PASS" signature="tearDown()[pri:0, instance:udemyTestNG.TestFailure@5a1c0542]" name="tearDown" is-config="true" duration-ms="1" started-at="2020-12-11T18:42:41 IST" finished-at="2020-12-11T18:42:41 IST">
          <reporter-output>
          </reporter-output>
        </test-method> <!-- tearDown -->
      </class> <!-- udemyTestNG.TestFailure -->
    </test> <!-- Failure Test -->
  </suite> <!-- Functional Test Suite -->
</testng-results>
