<?xml version="1.0" encoding="UTF-8"?>
<!-- Generated by org.testng.reporters.JUnitXMLReporter -->
<testsuite hostname="surapaneni" ignored="2" name="Car Loan" tests="5" failures="0" timestamp="2020-10-14T17:48:25 IST" time="0.321" errors="0">
  <testcase name="MobileLogincarLoan" time="0.017" classname="test.day3"/>
  <testcase name="MobilesignoutcarLoan" time="0.073" classname="test.day3"/>
  <testcase name="MobilesignoutcarLoan" time="0.005" classname="test.day3"/>
  <testcase name="MobilesignoutcarLoan" time="0.006" classname="test.day3"/>
  <testcase name="WebloginCarLoan" time="0.005" classname="test.day3"/>
  <testcase name="APIcarLoan" time="0.0" classname="test.day3">
    <ignored/>
  </testcase> <!-- APIcarLoan -->
  <testcase name="MobilesignimcarLoan" time="0.0" classname="test.day3">
    <ignored/>
  </testcase> <!-- MobilesignimcarLoan -->
</testsuite> <!-- Car Loan -->
