<?xml version="1.0" encoding="UTF-8"?>
<!-- Generated by org.testng.reporters.JUnitXMLReporter -->
<testsuite hostname="surapaneni" ignored="0" name="Failure Test" tests="1" failures="1" timestamp="2020-12-11T18:42:41 IST" time="0.019" errors="0">
  <testcase name="negative" time="0.006" classname="udemyTestNG.TestFailure">
    <failure type="java.lang.AssertionError" message="Failing the test">
      <![CDATA[java.lang.AssertionError: Failing the test
at udemyTestNG.TestFailure.negative(TestFailure.java:11)
at java.util.ArrayList.forEach(ArrayList.java:1259)
... Removed 28 stack frames]]>
    </failure>
  </testcase> <!-- negative -->
</testsuite> <!-- Failure Test -->
