<?xml version="1.0" encoding="UTF-8"?>
<!-- Generated by org.testng.reporters.JUnitXMLReporter -->
<testsuite hostname="surapaneni" ignored="0" name="Home Test2" tests="4" failures="0" timestamp="2020-12-11T18:42:41 IST" time="0.048" errors="0">
  <testcase name="doLogin" time="0.003" classname="udemyTestNG.Testcase2"/>
  <testcase name="goToHomePage" time="0.003" classname="udemyTestNG.Testcase2"/>
  <testcase name="thirdTest" time="0.003" classname="udemyTestNG.Testcase2"/>
  <testcase name="fourthTest" time="0.005" classname="udemyTestNG.Testcase2"/>
</testsuite> <!-- Home Test2 -->
