<?xml version="1.0" encoding="UTF-8"?>
<!-- Generated by org.testng.reporters.JUnitXMLReporter -->
<testsuite hostname="surapaneni" ignored="0" name="Negative Test3" tests="3" failures="0" timestamp="2020-12-11T18:42:41 IST" time="0.033" errors="0">
  <testcase name="test1" time="0.003" classname="testNG.TestNGBasics"/>
  <testcase name="test2" time="0.005" classname="testNG.TestNGBasics"/>
  <testcase name="test3" time="0.001" classname="testNG.TestNGBasics"/>
</testsuite> <!-- Negative Test3 -->
